[debug] [2021-03-15T00:05:09.639Z] ----------------------------------------------------------------------
[debug] [2021-03-15T00:05:09.641Z] Command:       /usr/local/bin/node /usr/local/bin/firebase init hosting
[debug] [2021-03-15T00:05:09.641Z] CLI Version:   9.6.1
[debug] [2021-03-15T00:05:09.641Z] Platform:      darwin
[debug] [2021-03-15T00:05:09.641Z] Node Version:  v12.18.4
[debug] [2021-03-15T00:05:09.669Z] Time:          Sun Mar 14 2021 20:05:09 GMT-0400 (Eastern Daylight Time)
[debug] [2021-03-15T00:05:09.669Z] ----------------------------------------------------------------------
[debug] [2021-03-15T00:05:09.669Z] 
[debug] [2021-03-15T00:05:09.677Z] > command requires scopes: ["email","openid","https://www.googleapis.com/auth/cloudplatformprojects.readonly","https://www.googleapis.com/auth/firebase","https://www.googleapis.com/auth/cloud-platform"]
[debug] [2021-03-15T00:05:09.677Z] > authorizing via signed-in user
[info] 
     ######## #### ########  ######## ########     ###     ######  ########
     ##        ##  ##     ## ##       ##     ##  ##   ##  ##       ##
     ######    ##  ########  ######   ########  #########  ######  ######
     ##        ##  ##    ##  ##       ##     ## ##     ##       ## ##
     ##       #### ##     ## ######## ########  ##     ##  ######  ########

You're about to initialize a Firebase project in this directory:

  /Volumes/T7Touch/Vitalize_App_Official

Before we get started, keep in mind:

  * You are currently outside your home directory
  * You are initializing in an existing Firebase project directory

[info] 
=== Project Setup
[info] 
[info] First, let's associate this project directory with a Firebase project.
[info] You can create multiple project aliases by running firebase use --add, 
[info] but for now we'll just set up a default project.
[info] 
[debug] [2021-03-15T00:05:09.706Z] > refreshing access token with scopes: []
[debug] [2021-03-15T00:05:09.706Z] >>> HTTP REQUEST POST https://www.googleapis.com/oauth2/v3/token  
 <request body omitted>
[debug] [2021-03-15T00:05:09.871Z] <<< HTTP RESPONSE 200 {"expires":"Mon, 01 Jan 1990 00:00:00 GMT","pragma":"no-cache","date":"Mon, 15 Mar 2021 00:05:09 GMT","cache-control":"no-cache, no-store, max-age=0, must-revalidate","content-type":"application/json; charset=utf-8","vary":"X-Origin, Referer, Origin,Accept-Encoding","server":"scaffolding on HTTPServer2","x-xss-protection":"0","x-frame-options":"SAMEORIGIN","x-content-type-options":"nosniff","alt-svc":"h3-29=\":443\"; ma=2592000,h3-T051=\":443\"; ma=2592000,h3-Q050=\":443\"; ma=2592000,h3-Q046=\":443\"; ma=2592000,h3-Q043=\":443\"; ma=2592000,quic=\":443\"; ma=2592000; v=\"46,43\"","accept-ranges":"none","transfer-encoding":"chunked"}
[debug] [2021-03-15T00:05:09.899Z] >>> [apiv2][query] GET https://firebase.googleapis.com/v1beta1/projects/vitalizeapp-ad28e [none]
[debug] [2021-03-15T00:05:10.236Z] <<< [apiv2][status] GET https://firebase.googleapis.com/v1beta1/projects/vitalizeapp-ad28e 200
[debug] [2021-03-15T00:05:10.236Z] <<< [apiv2][body] GET https://firebase.googleapis.com/v1beta1/projects/vitalizeapp-ad28e {"projectId":"vitalizeapp-ad28e","projectNumber":"448394061758","displayName":"VitalizeApp","name":"projects/vitalizeapp-ad28e","resources":{"hostingSite":"vitalizeapp-ad28e","realtimeDatabaseInstance":"vitalizeapp-ad28e-default-rtdb","storageBucket":"vitalizeapp-ad28e.appspot.com","locationId":"us-central"},"state":"ACTIVE"}
[info] i  Using project vitalizeapp-ad28e (VitalizeApp) 
[info] 
=== Hosting Setup
[info] 
[info] Your public directory is the folder (relative to your project directory) that
[info] will contain Hosting assets to be uploaded with firebase deploy. If you
[info] have a build process for your assets, use your build's output directory.
[info] 
[info] ✔  Wrote public/404.html 
[debug] [2021-03-15T00:09:41.536Z] >>> [apiv2][query] GET https://www.gstatic.com/firebasejs/releases.json [none]
[debug] [2021-03-15T00:09:41.681Z] <<< [apiv2][status] GET https://www.gstatic.com/firebasejs/releases.json 200
[debug] [2021-03-15T00:09:41.682Z] <<< [apiv2][body] GET https://www.gstatic.com/firebasejs/releases.json {"current":{"version":"8.3.0","browserURL":"https://www.gstatic.com/firebasejs/8.3.0/firebase.js","packageURL":"https://www.gstatic.com/firebasejs/8.3.0/firebase.tgz"},"live":{"version":"8.3","browserURL":"https://www.gstatic.com/firebasejs/live/8.3/firebase.js","packageURL":"https://www.gstatic.com/firebasejs/live/8.3/firebase.tgz"},"components":{"analytics":"https://www.gstatic.com/firebasejs/8.3.0/firebase-analytics.js","app":"https://www.gstatic.com/firebasejs/8.3.0/firebase-app.js","auth":"https://www.gstatic.com/firebasejs/8.3.0/firebase-auth.js","database":"https://www.gstatic.com/firebasejs/8.3.0/firebase-database.js","firestore":"https://www.gstatic.com/firebasejs/8.3.0/firebase-firestore.js","functions":"https://www.gstatic.com/firebasejs/8.3.0/firebase-functions.js","installations":"https://www.gstatic.com/firebasejs/8.3.0/firebase-installations.js","messaging":"https://www.gstatic.com/firebasejs/8.3.0/firebase-messaging.js","storage":"https://www.gstatic.com/firebasejs/8.3.0/firebase-storage.js","performance":"https://www.gstatic.com/firebasejs/8.3.0/firebase-performance.js","remote-config":"https://www.gstatic.com/firebasejs/8.3.0/firebase-remote-config.js","firestore.memory":"https://www.gstatic.com/firebasejs/8.3.0/firebase-firestore.memory.js"}}
[info] ✔  Wrote public/index.html 
[info] 
[info] i  Detected a .git folder at /Volumes/T7Touch/Vitalize_App_Official 
[info] i  Authorizing with GitHub to upload your service account to a GitHub repository's secrets store. 
[info] 
[info] Visit this URL on this device to log in:
[info] https://github.com/login/oauth/authorize?client_id=89cf50f02ac6aaed3484&state=551918065&redirect_uri=http%3A%2F%2Flocalhost%3A9005&scope=read%3Auser%20repo%20public_repo
[info] 
[info] Waiting for authentication...
[debug] [2021-03-15T00:10:20.084Z] >>> HTTP REQUEST POST https://github.com/login/oauth/access_token  
 {"client_id":"89cf50f02ac6aaed3484","client_secret":"3330d14abc895d9a74d5f17cd7a00711fa2c5bf0","code":"97bfe49fcf25683f1a96","redirect_uri":"http://localhost:9005","state":"551918065"}
[debug] [2021-03-15T00:10:20.219Z] <<< HTTP RESPONSE 200 {"server":"GitHub.com","date":"Mon, 15 Mar 2021 00:10:20 GMT","content-type":"application/json; charset=utf-8","transfer-encoding":"chunked","vary":"X-PJAX, Accept-Encoding, Accept, X-Requested-With","etag":"W/\"28f1b2967783f0eabba64c2bfecfd7c2\"","cache-control":"max-age=0, private, must-revalidate","strict-transport-security":"max-age=31536000; includeSubdomains; preload","x-frame-options":"deny","x-content-type-options":"nosniff","x-xss-protection":"1; mode=block","referrer-policy":"origin-when-cross-origin, strict-origin-when-cross-origin","expect-ct":"max-age=2592000, report-uri=\"https://api.github.com/_private/browser/errors\"","content-security-policy":"default-src 'none'; base-uri 'self'; block-all-mixed-content; connect-src 'self' uploads.github.com www.githubstatus.com collector.githubapp.com api.github.com github-cloud.s3.amazonaws.com github-production-repository-file-5c1aeb.s3.amazonaws.com github-production-upload-manifest-file-7fdce7.s3.amazonaws.com github-production-user-asset-6210df.s3.amazonaws.com cdn.optimizely.com logx.optimizely.com/v1/events wss://alive.github.com; font-src github.githubassets.com; form-action 'self' github.com gist.github.com; frame-ancestors 'none'; frame-src render.githubusercontent.com; img-src 'self' data: github.githubassets.com identicons.github.com collector.githubapp.com github-cloud.s3.amazonaws.com secured-user-images.githubusercontent.com/ *.githubusercontent.com; manifest-src 'self'; media-src 'none'; script-src github.githubassets.com; style-src 'unsafe-inline' github.githubassets.com; worker-src github.com/socket-worker-6832eced.js gist.github.com/socket-worker-6832eced.js","x-github-request-id":"CB80:076E:F0A6D0:17C4740:604EA5EC"}
[debug] [2021-03-15T00:10:20.230Z] >>> [apiv2][query] GET https://api.github.com/user [none]
[debug] [2021-03-15T00:10:20.377Z] <<< [apiv2][status] GET https://api.github.com/user 200
[debug] [2021-03-15T00:10:20.377Z] <<< [apiv2][body] GET https://api.github.com/user {"login":"RodrigoSandon","id":66277833,"node_id":"MDQ6VXNlcjY2Mjc3ODMz","avatar_url":"https://avatars.githubusercontent.com/u/66277833?v=4","gravatar_id":"","url":"https://api.github.com/users/RodrigoSandon","html_url":"https://github.com/RodrigoSandon","followers_url":"https://api.github.com/users/RodrigoSandon/followers","following_url":"https://api.github.com/users/RodrigoSandon/following{/other_user}","gists_url":"https://api.github.com/users/RodrigoSandon/gists{/gist_id}","starred_url":"https://api.github.com/users/RodrigoSandon/starred{/owner}{/repo}","subscriptions_url":"https://api.github.com/users/RodrigoSandon/subscriptions","organizations_url":"https://api.github.com/users/RodrigoSandon/orgs","repos_url":"https://api.github.com/users/RodrigoSandon/repos","events_url":"https://api.github.com/users/RodrigoSandon/events{/privacy}","received_events_url":"https://api.github.com/users/RodrigoSandon/received_events","type":"User","site_admin":false,"name":null,"company":null,"blog":"","location":null,"email":null,"hireable":null,"bio":null,"twitter_username":null,"public_repos":4,"public_gists":0,"followers":0,"following":2,"created_at":"2020-06-01T20:32:43Z","updated_at":"2021-03-15T00:10:19Z","private_gists":0,"total_private_repos":0,"owned_private_repos":0,"disk_usage":534,"collaborators":0,"two_factor_authentication":false,"plan":{"name":"pro","space":976562499,"collaborators":0,"private_repos":9999}}
[info] 
[info] ✔  Success! Logged into GitHub as RodrigoSandon 
[info] 
[debug] [2021-03-15T00:10:41.692Z] >>> [apiv2][query] GET https://api.github.com/repos/RodrigoSandon/VitalizeProject/actions/secrets/public-key type=owner
[debug] [2021-03-15T00:10:41.780Z] <<< [apiv2][status] GET https://api.github.com/repos/RodrigoSandon/VitalizeProject/actions/secrets/public-key 404
[debug] [2021-03-15T00:10:41.780Z] <<< [apiv2][body] GET https://api.github.com/repos/RodrigoSandon/VitalizeProject/actions/secrets/public-key {"message":"Not Found","documentation_url":"https://docs.github.com/rest/reference/actions#get-a-repository-public-key"}
[debug] [2021-03-15T00:46:51.201Z] >>> [apiv2][query] GET https://api.github.com/repos/Vitalize1/actions/secrets/public-key type=owner
[debug] [2021-03-15T00:46:51.207Z] >>> [apiv2][query] GET https://api.github.com/repos///actions/secrets/public-key type=owner
[debug] [2021-03-15T00:46:51.208Z] >>> [apiv2][query] GET https://api.github.com/repos/VitalizeProject/actions/secrets/public-key type=owner
[debug] [2021-03-15T00:46:51.280Z] <<< [apiv2][status] GET https://api.github.com/repos///actions/secrets/public-key 404
[debug] [2021-03-15T00:46:51.280Z] <<< [apiv2][body] GET https://api.github.com/repos///actions/secrets/public-key {"message":"Not Found","documentation_url":"https://docs.github.com/rest"}
[debug] [2021-03-15T00:46:51.296Z] <<< [apiv2][status] GET https://api.github.com/repos/Vitalize1/actions/secrets/public-key 404
[debug] [2021-03-15T00:46:51.296Z] <<< [apiv2][body] GET https://api.github.com/repos/Vitalize1/actions/secrets/public-key {"message":"Not Found","documentation_url":"https://docs.github.com/rest"}
[debug] [2021-03-15T00:46:51.297Z] <<< [apiv2][status] GET https://api.github.com/repos/VitalizeProject/actions/secrets/public-key 404
[debug] [2021-03-15T00:46:51.298Z] <<< [apiv2][body] GET https://api.github.com/repos/VitalizeProject/actions/secrets/public-key {"message":"Not Found","documentation_url":"https://docs.github.com/rest"}
[debug] [2021-03-15T00:47:05.625Z] >>> [apiv2][query] GET https://api.github.com/repos/Vitalize1/VitalizeProject/actions/secrets/public-key type=owner
[debug] [2021-03-15T00:47:05.719Z] <<< [apiv2][status] GET https://api.github.com/repos/Vitalize1/VitalizeProject/actions/secrets/public-key 404
[debug] [2021-03-15T00:47:05.719Z] <<< [apiv2][body] GET https://api.github.com/repos/Vitalize1/VitalizeProject/actions/secrets/public-key {"message":"Not Found","documentation_url":"https://docs.github.com/rest/reference/actions#get-a-repository-public-key"}
[debug] [2021-03-15T00:48:51.721Z] >>> [apiv2][query] GET https://api.github.com/repos/Vitalize1/actions/secrets/public-key type=owner
[debug] [2021-03-15T00:48:51.723Z] >>> [apiv2][query] GET https://api.github.com/repos///actions/secrets/public-key type=owner
[debug] [2021-03-15T00:48:51.724Z] >>> [apiv2][query] GET https://api.github.com/repos/VitalizeProject/actions/secrets/public-key type=owner
[debug] [2021-03-15T00:48:51.817Z] <<< [apiv2][status] GET https://api.github.com/repos/VitalizeProject/actions/secrets/public-key 404
[debug] [2021-03-15T00:48:51.817Z] <<< [apiv2][body] GET https://api.github.com/repos/VitalizeProject/actions/secrets/public-key {"message":"Not Found","documentation_url":"https://docs.github.com/rest"}
[debug] [2021-03-15T00:48:51.826Z] <<< [apiv2][status] GET https://api.github.com/repos///actions/secrets/public-key 404
[debug] [2021-03-15T00:48:51.826Z] <<< [apiv2][body] GET https://api.github.com/repos///actions/secrets/public-key {"message":"Not Found","documentation_url":"https://docs.github.com/rest"}
[debug] [2021-03-15T00:48:51.828Z] <<< [apiv2][status] GET https://api.github.com/repos/Vitalize1/actions/secrets/public-key 404
[debug] [2021-03-15T00:48:51.828Z] <<< [apiv2][body] GET https://api.github.com/repos/Vitalize1/actions/secrets/public-key {"message":"Not Found","documentation_url":"https://docs.github.com/rest"}
[debug] [2021-03-15T00:48:54.953Z] >>> [apiv2][query] GET https://api.github.com/repos//actions/secrets/public-key type=owner
[debug] [2021-03-15T00:48:55.028Z] <<< [apiv2][status] GET https://api.github.com/repos//actions/secrets/public-key 404
[debug] [2021-03-15T00:48:55.029Z] <<< [apiv2][body] GET https://api.github.com/repos//actions/secrets/public-key {"message":"Not Found","documentation_url":"https://docs.github.com/rest"}
[debug] [2021-03-15T00:48:57.140Z] >>> [apiv2][query] GET https://api.github.com/repos/Vitalize1/actions/secrets/public-key type=owner
[debug] [2021-03-15T00:48:57.141Z] >>> [apiv2][query] GET https://api.github.com/repos///actions/secrets/public-key type=owner
[debug] [2021-03-15T00:48:57.142Z] >>> [apiv2][query] GET https://api.github.com/repos/VitalizeProject/actions/secrets/public-key type=owner
[debug] [2021-03-15T00:48:57.221Z] <<< [apiv2][status] GET https://api.github.com/repos/Vitalize1/actions/secrets/public-key 404
[debug] [2021-03-15T00:48:57.221Z] <<< [apiv2][body] GET https://api.github.com/repos/Vitalize1/actions/secrets/public-key {"message":"Not Found","documentation_url":"https://docs.github.com/rest"}
[debug] [2021-03-15T00:48:57.222Z] <<< [apiv2][status] GET https://api.github.com/repos/VitalizeProject/actions/secrets/public-key 404
[debug] [2021-03-15T00:48:57.223Z] <<< [apiv2][body] GET https://api.github.com/repos/VitalizeProject/actions/secrets/public-key {"message":"Not Found","documentation_url":"https://docs.github.com/rest"}
[debug] [2021-03-15T00:48:57.225Z] <<< [apiv2][status] GET https://api.github.com/repos///actions/secrets/public-key 404
[debug] [2021-03-15T00:48:57.226Z] <<< [apiv2][body] GET https://api.github.com/repos///actions/secrets/public-key {"message":"Not Found","documentation_url":"https://docs.github.com/rest"}
[debug] [2021-03-15T01:00:14.944Z] ----------------------------------------------------------------------
[debug] [2021-03-15T01:00:14.947Z] Command:       /usr/local/bin/node /usr/local/bin/firebase init hosting:github
[debug] [2021-03-15T01:00:14.947Z] CLI Version:   9.6.1
[debug] [2021-03-15T01:00:14.947Z] Platform:      darwin
[debug] [2021-03-15T01:00:14.948Z] Node Version:  v12.18.4
[debug] [2021-03-15T01:00:14.949Z] Time:          Sun Mar 14 2021 21:00:14 GMT-0400 (Eastern Daylight Time)
[debug] [2021-03-15T01:00:14.950Z] ----------------------------------------------------------------------
[debug] [2021-03-15T01:00:14.950Z] 
[debug] [2021-03-15T01:00:14.956Z] > command requires scopes: ["email","openid","https://www.googleapis.com/auth/cloudplatformprojects.readonly","https://www.googleapis.com/auth/firebase","https://www.googleapis.com/auth/cloud-platform"]
[debug] [2021-03-15T01:00:14.956Z] > authorizing via signed-in user
[info] 
     ######## #### ########  ######## ########     ###     ######  ########
     ##        ##  ##     ## ##       ##     ##  ##   ##  ##       ##
     ######    ##  ########  ######   ########  #########  ######  ######
     ##        ##  ##    ##  ##       ##     ## ##     ##       ## ##
     ##       #### ##     ## ######## ########  ##     ##  ######  ########

You're about to initialize a Firebase project in this directory:

  /Volumes/T7Touch/Vitalize_App_Official

Before we get started, keep in mind:

  * You are currently outside your home directory
  * You are initializing in an existing Firebase project directory

[info] 
=== Project Setup
[info] 
[info] First, let's associate this project directory with a Firebase project.
[info] You can create multiple project aliases by running firebase use --add, 
[info] but for now we'll just set up a default project.
[info] 
[debug] [2021-03-15T01:00:14.963Z] > refreshing access token with scopes: []
[debug] [2021-03-15T01:00:14.963Z] >>> HTTP REQUEST POST https://www.googleapis.com/oauth2/v3/token  
 <request body omitted>
[debug] [2021-03-15T01:00:15.117Z] <<< HTTP RESPONSE 200 {"expires":"Mon, 01 Jan 1990 00:00:00 GMT","date":"Mon, 15 Mar 2021 01:00:15 GMT","pragma":"no-cache","cache-control":"no-cache, no-store, max-age=0, must-revalidate","content-type":"application/json; charset=utf-8","vary":"X-Origin, Referer, Origin,Accept-Encoding","server":"scaffolding on HTTPServer2","x-xss-protection":"0","x-frame-options":"SAMEORIGIN","x-content-type-options":"nosniff","alt-svc":"h3-29=\":443\"; ma=2592000,h3-T051=\":443\"; ma=2592000,h3-Q050=\":443\"; ma=2592000,h3-Q046=\":443\"; ma=2592000,h3-Q043=\":443\"; ma=2592000,quic=\":443\"; ma=2592000; v=\"46,43\"","accept-ranges":"none","transfer-encoding":"chunked"}
[debug] [2021-03-15T01:00:15.136Z] >>> [apiv2][query] GET https://firebase.googleapis.com/v1beta1/projects/vitalizeapp-ad28e [none]
[debug] [2021-03-15T01:00:15.453Z] <<< [apiv2][status] GET https://firebase.googleapis.com/v1beta1/projects/vitalizeapp-ad28e 200
[debug] [2021-03-15T01:00:15.454Z] <<< [apiv2][body] GET https://firebase.googleapis.com/v1beta1/projects/vitalizeapp-ad28e {"projectId":"vitalizeapp-ad28e","projectNumber":"448394061758","displayName":"VitalizeApp","name":"projects/vitalizeapp-ad28e","resources":{"hostingSite":"vitalizeapp-ad28e","realtimeDatabaseInstance":"vitalizeapp-ad28e-default-rtdb","storageBucket":"vitalizeapp-ad28e.appspot.com","locationId":"us-central"},"state":"ACTIVE"}
[info] i  Using project vitalizeapp-ad28e (VitalizeApp) 
[info] 
=== Hosting:github Setup
[info] 
[info] i  Detected a .git folder at /Volumes/T7Touch/Vitalize_App_Official 
[info] i  Authorizing with GitHub to upload your service account to a GitHub repository's secrets store. 
[info] 
[info] Visit this URL on this device to log in:
[info] https://github.com/login/oauth/authorize?client_id=89cf50f02ac6aaed3484&state=493324366&redirect_uri=http%3A%2F%2Flocalhost%3A9005&scope=read%3Auser%20repo%20public_repo
[info] 
[info] Waiting for authentication...
[debug] [2021-03-15T01:00:15.901Z] >>> HTTP REQUEST POST https://github.com/login/oauth/access_token  
 {"client_id":"89cf50f02ac6aaed3484","client_secret":"3330d14abc895d9a74d5f17cd7a00711fa2c5bf0","code":"3f8945f62876a80e9cb0","redirect_uri":"http://localhost:9005","state":"493324366"}
[debug] [2021-03-15T01:00:16.011Z] <<< HTTP RESPONSE 200 {"server":"GitHub.com","date":"Mon, 15 Mar 2021 01:00:16 GMT","content-type":"application/json; charset=utf-8","transfer-encoding":"chunked","vary":"X-PJAX, Accept-Encoding, Accept, X-Requested-With","etag":"W/\"ce5834a6f9e059c0379302f543ade442\"","cache-control":"max-age=0, private, must-revalidate","strict-transport-security":"max-age=31536000; includeSubdomains; preload","x-frame-options":"deny","x-content-type-options":"nosniff","x-xss-protection":"1; mode=block","referrer-policy":"origin-when-cross-origin, strict-origin-when-cross-origin","expect-ct":"max-age=2592000, report-uri=\"https://api.github.com/_private/browser/errors\"","content-security-policy":"default-src 'none'; base-uri 'self'; block-all-mixed-content; connect-src 'self' uploads.github.com www.githubstatus.com collector.githubapp.com api.github.com github-cloud.s3.amazonaws.com github-production-repository-file-5c1aeb.s3.amazonaws.com github-production-upload-manifest-file-7fdce7.s3.amazonaws.com github-production-user-asset-6210df.s3.amazonaws.com cdn.optimizely.com logx.optimizely.com/v1/events wss://alive.github.com; font-src github.githubassets.com; form-action 'self' github.com gist.github.com; frame-ancestors 'none'; frame-src render.githubusercontent.com; img-src 'self' data: github.githubassets.com identicons.github.com collector.githubapp.com github-cloud.s3.amazonaws.com secured-user-images.githubusercontent.com/ *.githubusercontent.com; manifest-src 'self'; media-src 'none'; script-src github.githubassets.com; style-src 'unsafe-inline' github.githubassets.com; worker-src github.com/socket-worker-6832eced.js gist.github.com/socket-worker-6832eced.js","x-github-request-id":"CC71:5A76:198EEAA:221B8B0:604EB19F"}
[debug] [2021-03-15T01:00:16.014Z] >>> [apiv2][query] GET https://api.github.com/user [none]
[debug] [2021-03-15T01:00:16.171Z] <<< [apiv2][status] GET https://api.github.com/user 200
[debug] [2021-03-15T01:00:16.171Z] <<< [apiv2][body] GET https://api.github.com/user {"login":"RodrigoSandon","id":66277833,"node_id":"MDQ6VXNlcjY2Mjc3ODMz","avatar_url":"https://avatars.githubusercontent.com/u/66277833?v=4","gravatar_id":"","url":"https://api.github.com/users/RodrigoSandon","html_url":"https://github.com/RodrigoSandon","followers_url":"https://api.github.com/users/RodrigoSandon/followers","following_url":"https://api.github.com/users/RodrigoSandon/following{/other_user}","gists_url":"https://api.github.com/users/RodrigoSandon/gists{/gist_id}","starred_url":"https://api.github.com/users/RodrigoSandon/starred{/owner}{/repo}","subscriptions_url":"https://api.github.com/users/RodrigoSandon/subscriptions","organizations_url":"https://api.github.com/users/RodrigoSandon/orgs","repos_url":"https://api.github.com/users/RodrigoSandon/repos","events_url":"https://api.github.com/users/RodrigoSandon/events{/privacy}","received_events_url":"https://api.github.com/users/RodrigoSandon/received_events","type":"User","site_admin":false,"name":null,"company":null,"blog":"","location":null,"email":null,"hireable":null,"bio":null,"twitter_username":null,"public_repos":4,"public_gists":0,"followers":0,"following":2,"created_at":"2020-06-01T20:32:43Z","updated_at":"2021-03-15T00:10:19Z","private_gists":0,"total_private_repos":0,"owned_private_repos":0,"disk_usage":534,"collaborators":0,"two_factor_authentication":false,"plan":{"name":"pro","space":976562499,"collaborators":0,"private_repos":9999}}
[info] 
[info] ✔  Success! Logged into GitHub as RodrigoSandon 
[info] 
[debug] [2021-03-15T01:01:16.039Z] >>> [apiv2][query] GET https://api.github.com/repos/Vitalize1/VitalizeProject/actions/secrets/public-key type=owner
[debug] [2021-03-15T01:01:16.163Z] <<< [apiv2][status] GET https://api.github.com/repos/Vitalize1/VitalizeProject/actions/secrets/public-key 404
[debug] [2021-03-15T01:01:16.163Z] <<< [apiv2][body] GET https://api.github.com/repos/Vitalize1/VitalizeProject/actions/secrets/public-key {"message":"Not Found","documentation_url":"https://docs.github.com/rest/reference/actions#get-a-repository-public-key"}
[debug] [2021-03-15T01:52:34.683Z] >>> [apiv2][query] GET https://api.github.com/repos/RodrigoSandon/Vitalize1/actions/secrets/public-key type=owner
[debug] [2021-03-15T01:52:34.798Z] <<< [apiv2][status] GET https://api.github.com/repos/RodrigoSandon/Vitalize1/actions/secrets/public-key 404
[debug] [2021-03-15T01:52:34.799Z] <<< [apiv2][body] GET https://api.github.com/repos/RodrigoSandon/Vitalize1/actions/secrets/public-key {"message":"Not Found","documentation_url":"https://docs.github.com/rest/reference/actions#get-a-repository-public-key"}
[debug] [2021-03-15T01:52:52.229Z] >>> [apiv2][query] GET https://api.github.com/repos/RodrigoSandon/Vitalize1/actions/secrets/public-key type=owner
[debug] [2021-03-15T01:52:52.320Z] <<< [apiv2][status] GET https://api.github.com/repos/RodrigoSandon/Vitalize1/actions/secrets/public-key 404
[debug] [2021-03-15T01:52:52.321Z] <<< [apiv2][body] GET https://api.github.com/repos/RodrigoSandon/Vitalize1/actions/secrets/public-key {"message":"Not Found","documentation_url":"https://docs.github.com/rest/reference/actions#get-a-repository-public-key"}
